c:\users\antoine\source\repos\fc_hd\fc_hd\x64\debug\vc141.pdb
c:\users\antoine\source\repos\fc_hd\fc_hd\x64\debug\vc141.idb
c:\users\antoine\source\repos\fc_hd\fc_hd\x64\debug\utilities.obj
c:\users\antoine\source\repos\fc_hd\fc_hd\x64\debug\textureinjector.obj
c:\users\antoine\source\repos\fc_hd\fc_hd\x64\debug\patch.obj
c:\users\antoine\source\repos\fc_hd\fc_hd\x64\debug\dll.obj
c:\users\antoine\source\repos\fc_hd\fc_hd\x64\debug\trampoline.obj
c:\users\antoine\source\repos\fc_hd\fc_hd\x64\debug\hook.obj
c:\users\antoine\source\repos\fc_hd\fc_hd\x64\debug\hde64.obj
c:\users\antoine\source\repos\fc_hd\fc_hd\x64\debug\hde32.obj
c:\users\antoine\source\repos\fc_hd\fc_hd\x64\debug\buffer.obj
c:\users\antoine\source\repos\fc_hd\x64\debug\dinput8.pdb
c:\users\antoine\source\repos\fc_hd\fc_hd\x64\debug\fc_hd.tlog\cl.command.1.tlog
c:\users\antoine\source\repos\fc_hd\fc_hd\x64\debug\fc_hd.tlog\cl.read.1.tlog
c:\users\antoine\source\repos\fc_hd\fc_hd\x64\debug\fc_hd.tlog\cl.write.1.tlog
c:\users\antoine\source\repos\fc_hd\fc_hd\x64\debug\fc_hd.tlog\link-cvtres.read.1.tlog
c:\users\antoine\source\repos\fc_hd\fc_hd\x64\debug\fc_hd.tlog\link-cvtres.write.1.tlog
c:\users\antoine\source\repos\fc_hd\fc_hd\x64\debug\fc_hd.tlog\link-rc.read.1.tlog
c:\users\antoine\source\repos\fc_hd\fc_hd\x64\debug\fc_hd.tlog\link-rc.write.1.tlog
c:\users\antoine\source\repos\fc_hd\fc_hd\x64\debug\fc_hd.tlog\link.command.1.tlog
c:\users\antoine\source\repos\fc_hd\fc_hd\x64\debug\fc_hd.tlog\link.read.1.tlog
c:\users\antoine\source\repos\fc_hd\fc_hd\x64\debug\fc_hd.tlog\link.write.1.tlog
